#
# There is insufficient memory for the Java Runtime Environment to continue.
# Native memory allocation (mmap) failed to map 117440512 bytes for Failed to commit area from 0x0000000090e00000 to 0x0000000097e00000 of length 117440512.
# Possible reasons:
#   The system is out of physical RAM or swap space
#   The process is running with CompressedOops enabled, and the Java Heap may be blocking the growth of the native heap
# Possible solutions:
#   Reduce memory load on the system
#   Increase physical memory or swap space
#   Check if swap backing store is full
#   Decrease Java heap size (-Xmx/-Xms)
#   Decrease number of Java threads
#   Decrease Java thread stack sizes (-Xss)
#   Set larger code cache with -XX:ReservedCodeCacheSize=
# This output file may be truncated or incomplete.
#
#  Out of Memory Error (c:/BuildAgent/work/64e6ab55ab19e5a9/src/hotspot/os/windows/os_windows.cpp:3272), pid=6160, tid=17144
#
# JRE version:  (11.0.2+9) (build )
# Java VM: OpenJDK 64-Bit Server VM (11.0.2+9-b159.60, mixed mode, aot, sharing, tiered, compressed oops, g1 gc, windows-amd64)
# No core dump will be written. Minidumps are not enabled by default on client versions of Windows
#

---------------  S U M M A R Y ------------

Command Line: com.intellij.util.ReadEnv C:\Users\skeep\AppData\Local\Temp\intellij-cmd-env.tmp

Host: AMD Ryzen 5 3500U with Radeon Vega Mobile Gfx  , 8 cores, 6G,  Windows 10 , 64 bit Build 17763 (10.0.17763.475)
Time: Thu Jul 11 14:33:12 2019 ?D1¨²¡À¨º¡Á?¨º¡À?? elapsed time: 0 seconds (0d 0h 0m 0s)

---------------  T H R E A D  ---------------

Current thread (0x000002231f2e8800):  JavaThread "Unknown thread" [_thread_in_vm, id=17144, stack(0x000000fb90f00000,0x000000fb91000000)]

Stack: [0x000000fb90f00000,0x000000fb91000000]
Native frames: (J=compiled Java code, j=interpreted, Vv=VM code, C=native code)
V  [jvm.dll+0x5da82a]
V  [jvm.dll+0x70b6c9]
V  [jvm.dll+0x70cbe8]
V  [jvm.dll+0x70d2b3]
V  [jvm.dll+0x240f18]
V  [jvm.dll+0x5d7fc4]
V  [jvm.dll+0x5cd115]
V  [jvm.dll+0x2fa5eb]
V  [jvm.dll+0x2fa55a]
V  [jvm.dll+0x2fa432]
V  [jvm.dll+0x2ff316]
V  [jvm.dll+0x347993]
V  [jvm.dll+0x348096]
V  [jvm.dll+0x347a93]
V  [jvm.dll+0x2d5588]
V  [jvm.dll+0x2d66c7]
V  [jvm.dll+0x6eaac7]
V  [jvm.dll+0x6ec22c]
V  [jvm.dll+0x3551c9]
V  [jvm.dll+0x6d274e]
V  [jvm.dll+0x3bd953]
V  [jvm.dll+0x3bfcc1]
C  [java.exe+0x3763]
C  [java.exe+0x17a0c]
C  [KERNEL32.DLL+0x17974]
C  [ntdll.dll+0x6a271]


---------------  P R O C E S S  ---------------

Threads class SMR info:
_java_thread_list=0x000002231d1840e0, length=0, elements={
}

Java Threads: ( => current thread )

Other Threads:
  0x000002231f2fe000 GCTaskThread "GC Thread#0" [stack: 0x000000fb91000000,0x000000fb91100000] [id=14616]
  0x000002231f329800 ConcurrentGCThread "G1 Main Marker" [stack: 0x000000fb91100000,0x000000fb91200000] [id=17716]
  0x000002231f32c000 ConcurrentGCThread "G1 Conc#0" [stack: 0x000000fb91200000,0x000000fb91300000] [id=22252]

[error occurred during error reporting (printing all threads), id 0xc0000005, EXCEPTION_ACCESS_VIOLATION (0xc0000005) at pc=0x00007ff9a3595687]

VM state:not at safepoint (not fully initialized)

VM Mutex/Monitor currently owned by a thread:  ([mutex/lock_event])
[0x000002231f2e4600] Heap_lock - owner thread: 0x000002231f2e8800

Heap address: 0x0000000090e00000, size: 1778 MB, Compressed Oops mode: Non-zero based: 0x0000000090e00000
Narrow klass base: 0x0000000000000000, Narrow klass shift: 0

GC Heap History (0 events):
No events

Deoptimization events (0 events):
No events

Classes redefined (0 events):
No events

Internal exceptions (0 events):
No events

Events (0 events):
No events


Dynamic libraries:
0x00007ff75c640000 - 0x00007ff75c687000 	C:\Program Files\JetBrains\PyCharm Community Edition 2019.1.3\jre64\bin\java.exe
0x00007ff9f64c0000 - 0x00007ff9f66ad000 	C:\Windows\SYSTEM32\ntdll.dll
0x00007ff9f52a0000 - 0x00007ff9f5353000 	C:\Windows\System32\KERNEL32.DLL
0x00007ff9f3270000 - 0x00007ff9f3503000 	C:\Windows\System32\KERNELBASE.dll
0x00007ff9f5740000 - 0x00007ff9f58d7000 	C:\Windows\System32\USER32.dll
0x00007ff9f2730000 - 0x00007ff9f2750000 	C:\Windows\System32\win32u.dll
0x00007ff9f5db0000 - 0x00007ff9f5dd9000 	C:\Windows\System32\GDI32.dll
0x00007ff9f2590000 - 0x00007ff9f272a000 	C:\Windows\System32\gdi32full.dll
0x00007ff9f3180000 - 0x00007ff9f3220000 	C:\Windows\System32\msvcp_win.dll
0x00007ff9f2750000 - 0x00007ff9f284a000 	C:\Windows\System32\ucrtbase.dll
0x00007ff9db4b0000 - 0x00007ff9db729000 	C:\Windows\WinSxS\amd64_microsoft.windows.common-controls_6595b64144ccf1df_6.0.17763.557_none_05b63f68071e5b9f\COMCTL32.dll
0x00007ff9f5a40000 - 0x00007ff9f5ade000 	C:\Windows\System32\msvcrt.dll
0x00007ff9f5f40000 - 0x00007ff9f626c000 	C:\Windows\System32\combase.dll
0x00007ff9f5b40000 - 0x00007ff9f5c62000 	C:\Windows\System32\RPCRT4.dll
0x00007ff9f3670000 - 0x00007ff9f36ee000 	C:\Windows\System32\bcryptPrimitives.dll
0x00007ff9f5de0000 - 0x00007ff9f5e0e000 	C:\Windows\System32\IMM32.DLL
0x00007ff9e9820000 - 0x00007ff9e9837000 	C:\Program Files\JetBrains\PyCharm Community Edition 2019.1.3\jre64\bin\vcruntime140.dll
0x00007ff9d3590000 - 0x00007ff9d362d000 	C:\Program Files\JetBrains\PyCharm Community Edition 2019.1.3\jre64\bin\msvcp140.dll
0x00007ff9a32b0000 - 0x00007ff9a3d66000 	C:\Program Files\JetBrains\PyCharm Community Edition 2019.1.3\jre64\bin\server\jvm.dll
0x00007ff9f4d70000 - 0x00007ff9f4e13000 	C:\Windows\System32\ADVAPI32.dll
0x00007ff9f63f0000 - 0x00007ff9f648e000 	C:\Windows\System32\sechost.dll
0x00007ff9f63e0000 - 0x00007ff9f63e8000 	C:\Windows\System32\PSAPI.DLL
0x00007ff9dd1f0000 - 0x00007ff9dd1f9000 	C:\Windows\SYSTEM32\WSOCK32.dll
0x00007ff9f5c80000 - 0x00007ff9f5ced000 	C:\Windows\System32\WS2_32.dll
0x00007ff9ef7e0000 - 0x00007ff9ef804000 	C:\Windows\SYSTEM32\WINMM.dll
0x00007ff9ed340000 - 0x00007ff9ed34a000 	C:\Windows\SYSTEM32\VERSION.dll
0x00007ff9ef5e0000 - 0x00007ff9ef60d000 	C:\Windows\SYSTEM32\winmmbase.dll
0x00007ff9f3510000 - 0x00007ff9f355a000 	C:\Windows\System32\cfgmgr32.dll
0x00007ff9f24c0000 - 0x00007ff9f24d1000 	C:\Windows\System32\kernel.appcore.dll
0x00007ff9e9740000 - 0x00007ff9e9751000 	C:\Program Files\JetBrains\PyCharm Community Edition 2019.1.3\jre64\bin\verify.dll
0x00007ff9f0d10000 - 0x00007ff9f0efd000 	C:\Windows\SYSTEM32\DBGHELP.DLL
0x00007ff9decf0000 - 0x00007ff9ded1a000 	C:\Windows\SYSTEM32\dbgcore.DLL
0x00007ff9d90f0000 - 0x00007ff9d9119000 	C:\Program Files\JetBrains\PyCharm Community Edition 2019.1.3\jre64\bin\java.dll
0x00007ff9e4e70000 - 0x00007ff9e4e87000 	C:\Program Files\JetBrains\PyCharm Community Edition 2019.1.3\jre64\bin\zip.dll
0x00007ff9ed0f0000 - 0x00007ff9ed0fb000 	C:\Program Files\JetBrains\PyCharm Community Edition 2019.1.3\jre64\bin\jimage.dll

dbghelp: loaded successfully - version: 4.0.5 - missing functions: none
symbol engine: initialized successfully - sym options: 0x614 - pdb path: .;C:\Program Files\JetBrains\PyCharm Community Edition 2019.1.3\jre64\bin;C:\Windows\SYSTEM32;C:\Windows\WinSxS\amd64_microsoft.windows.common-controls_6595b64144ccf1df_6.0.17763.557_none_05b63f68071e5b9f;C:\Program Files\JetBrains\PyCharm Community Edition 2019.1.3\jre64\bin\server

VM Arguments:
java_command: com.intellij.util.ReadEnv C:\Users\skeep\AppData\Local\Temp\intellij-cmd-env.tmp
java_class_path (initial): C:\Program Files\JetBrains\PyCharm Community Edition 2019.1.3\lib\util.jar
Launcher Type: SUN_STANDARD

[Global flags]
     intx CICompilerCount                          = 4                                         {product} {ergonomic}
     uint ConcGCThreads                            = 2                                         {product} {ergonomic}
     uint G1ConcRefinementThreads                  = 8                                         {product} {ergonomic}
   size_t G1HeapRegionSize                         = 1048576                                   {product} {ergonomic}
    uintx GCDrainStackTargetSize                   = 64                                        {product} {ergonomic}
   size_t InitialHeapSize                          = 117440512                                 {product} {ergonomic}
   size_t MarkStackSize                            = 4194304                                   {product} {ergonomic}
   size_t MaxHeapSize                              = 1864368128                                {product} {ergonomic}
   size_t MinHeapDeltaBytes                        = 1048576                                   {product} {ergonomic}
    uintx NonNMethodCodeHeapSize                   = 5835340                                {pd product} {ergonomic}
    uintx NonProfiledCodeHeapSize                  = 122911450                              {pd product} {ergonomic}
    uintx ProfiledCodeHeapSize                     = 122911450                              {pd product} {ergonomic}
    uintx ReservedCodeCacheSize                    = 251658240                              {pd product} {ergonomic}
     bool SegmentedCodeCache                       = true                                      {product} {ergonomic}
     bool UseCompressedClassPointers               = true                                 {lp64_product} {ergonomic}
     bool UseCompressedOops                        = true                                 {lp64_product} {ergonomic}
     bool UseG1GC                                  = true                                      {product} {ergonomic}
     bool UseLargePagesIndividualAllocation        = false                                  {pd product} {ergonomic}

Logging:
Log output configuration:
 #0: stdout all=warning uptime,level,tags
 #1: stderr all=off uptime,level,tags

Environment Variables:
JAVA_HOME=C:\Program Files\Java\jdk1.8.0_91
JRE_HOME=C:\Program Files\Java\jre1.8.0_91
CLASSPATH=C:\Program Files\Java\jdk1.8.0_91\lib\dt.jar;C:\Program Files\Java\jdk1.8.0_91\lib\tools.jar;C:\Program Files\Java\jre1.8.0_91\lib\rt.jar;
PATH=C:\Users\skeep\PycharmProjects\flask-demo\flaskblog\Scripts;C:\Python27\;C:\Python27\Scripts;C:\Program Files (x86)\python3\Scripts\;C:\Program Files (x86)\python3\;C:\ProgramData\Oracle\Java\javapath;C:\Windows\system32;C:\Windows;C:\Windows\System32\Wbem;C:\Windows\System32\WindowsPowerShell\v1.0\;C:\Windows\System32\OpenSSH\;C:\Program Files\Intel\WiFi\bin\;C:\Program Files\Common Files\Intel\WirelessCommon\;C:\Program Files (x86)\Windows Kits\8.1\Windows Performance Toolkit\;C:\Program Files\Microsoft SQL Server\110\Tools\Binn\;C:\Program Files\Java\jdk1.8.0_91\bin;C:\Program Files\Java\jre1.8.0_91\bin;D:\metasploit-framework\bin;C:\Program Files\Git\cmd;C:\Users\skeep\AppData\Local\Microsoft\WindowsApps;C:\Users\skeep\AppData\Local\GitHubDesktop\bin;C:\Program Files (x86)\Nmap;C:\Program Files\JetBrains\PyCharm Community Edition 2019.1.3\bin;
USERNAME=skeep
OS=Windows_NT
PROCESSOR_IDENTIFIER=AMD64 Family 23 Model 24 Stepping 1, AuthenticAMD



---------------  S Y S T E M  ---------------

OS: Windows 10 , 64 bit Build 17763 (10.0.17763.475)

CPU:total 8 (initial active 8) (8 cores per cpu, 2 threads per core) family 23 model 24 stepping 1, cmov, cx8, fxsr, mmx, sse, sse2, sse3, ssse3, sse4.1, sse4.2, popcnt, avx, avx2, aes, clmul, mmxext, 3dnowpref, lzcnt, sse4a, ht, tsc, tscinvbit, tscinv, bmi1, bmi2, adx, sha, fma

Memory: 4k page, system-wide physical 7106M (1102M free)
TotalPageFile size 13078M (AvailPageFile size 104M)
current process WorkingSet (physical memory assigned to process): 10M, peak: 10M
current process commit charge ("private bytes"): 60M, peak: 171M

vm_info: OpenJDK 64-Bit Server VM (11.0.2+9-b159.60) for windows-amd64 JRE (11.0.2+9-b159.60), built on May 17 2019 14:03:25 by "" with MS VC++ 14.0 (VS2015)

END.
